# JRE version: OpenJDK Runtime Environment Temurin-17.0.13+11 (17.0.13+11) (build 17.0.13+11)
# Java VM: OpenJDK 64-Bit Server VM Temurin-17.0.13+11 (17.0.13+11, mixed mode, tiered, compressed oops, compressed class ptrs, parallel gc, windows-amd64)
GC Precious Log:
 CPUs: 12 total, 12 available
 Memory: 32698M
 Large Page Support: Disabled
 NUMA Support: Disabled
 Compressed Oops: Enabled (32-bit)
 Alignments: Space 512K, Generation 512K, Heap 2M
 Heap Min Capacity: 100M
 Heap Initial Capacity: 100M
 Heap Max Capacity: 1G
 Pre-touch: Disabled
 Parallel Workers: 10
Heap:
 PSYoungGen      total 13824K, used 5066K [0x00000000eab00000, 0x00000000ec300000, 0x0000000100000000)
  eden space 11264K, 22% used [0x00000000eab00000,0x00000000ead75728,0x00000000eb600000)
  from space 2560K, 99% used [0x00000000ebb80000,0x00000000ebdfd418,0x00000000ebe00000)
  to   space 5632K, 0% used [0x00000000eb600000,0x00000000eb600000,0x00000000ebb80000)
 ParOldGen       total 68608K, used 68083K [0x00000000c0000000, 0x00000000c4300000, 0x00000000eab00000)
  object space 68608K, 99% used [0x00000000c0000000,0x00000000c427ccb8,0x00000000c4300000)
 Metaspace       used 53149K, committed 54080K, reserved 1114112K
  class space    used 5108K, committed 5504K, reserved 1048576K
GC Heap History (20 events):
Event: 8.277 GC heap before
{Heap before GC invocations=33 (full 2):
 PSYoungGen      total 20480K, used 20462K [0x00000000eab00000, 0x00000000ec500000, 0x0000000100000000)
  eden space 19456K, 99% used [0x00000000eab00000,0x00000000ebdff890,0x00000000ebe00000)
  from space 1024K, 98% used [0x00000000ec100000,0x00000000ec1fc010,0x00000000ec200000)
  to   space 3072K, 0% used [0x00000000ebe00000,0x00000000ebe00000,0x00000000ec100000)
 ParOldGen       total 68608K, used 44051K [0x00000000c0000000, 0x00000000c4300000, 0x00000000eab00000)
  object space 68608K, 64% used [0x00000000c0000000,0x00000000c2b04e10,0x00000000c4300000)
 Metaspace       used 49690K, committed 50560K, reserved 1114112K
  class space    used 4934K, committed 5312K, reserved 1048576K
}
Event: 8.279 GC heap after
{Heap after GC invocations=33 (full 2):
 PSYoungGen      total 21504K, used 1536K [0x00000000eab00000, 0x00000000ec200000, 0x0000000100000000)
  eden space 19456K, 0% used [0x00000000eab00000,0x00000000eab00000,0x00000000ebe00000)
  from space 2048K, 75% used [0x00000000ebe00000,0x00000000ebf80020,0x00000000ec000000)
  to   space 2048K, 0% used [0x00000000ec000000,0x00000000ec000000,0x00000000ec200000)
 ParOldGen       total 68608K, used 45075K [0x00000000c0000000, 0x00000000c4300000, 0x00000000eab00000)
  object space 68608K, 65% used [0x00000000c0000000,0x00000000c2c04ed0,0x00000000c4300000)
 Metaspace       used 49690K, committed 50560K, reserved 1114112K
  class space    used 4934K, committed 5312K, reserved 1048576K
}
Event: 9.025 GC heap before
{Heap before GC invocations=34 (full 2):
 PSYoungGen      total 21504K, used 20992K [0x00000000eab00000, 0x00000000ec200000, 0x0000000100000000)
  eden space 19456K, 100% used [0x00000000eab00000,0x00000000ebe00000,0x00000000ebe00000)
  from space 2048K, 75% used [0x00000000ebe00000,0x00000000ebf80020,0x00000000ec000000)
  to   space 2048K, 0% used [0x00000000ec000000,0x00000000ec000000,0x00000000ec200000)
 ParOldGen       total 68608K, used 45075K [0x00000000c0000000, 0x00000000c4300000, 0x00000000eab00000)
  object space 68608K, 65% used [0x00000000c0000000,0x00000000c2c04ed0,0x00000000c4300000)
 Metaspace       used 50734K, committed 51584K, reserved 1114112K
  class space    used 5019K, committed 5376K, reserved 1048576K
}
Event: 9.029 GC heap after
{Heap after GC invocations=34 (full 2):
 PSYoungGen      total 16896K, used 2041K [0x00000000eab00000, 0x00000000ecb00000, 0x0000000100000000)
  eden space 14848K, 0% used [0x00000000eab00000,0x00000000eab00000,0x00000000eb980000)
  from space 2048K, 99% used [0x00000000ec000000,0x00000000ec1fe560,0x00000000ec200000)
  to   space 6656K, 0% used [0x00000000eb980000,0x00000000eb980000,0x00000000ec000000)
 ParOldGen       total 68608K, used 48580K [0x00000000c0000000, 0x00000000c4300000, 0x00000000eab00000)
  object space 68608K, 70% used [0x00000000c0000000,0x00000000c2f711c0,0x00000000c4300000)
 Metaspace       used 50734K, committed 51584K, reserved 1114112K
  class space    used 5019K, committed 5376K, reserved 1048576K
}
Event: 9.381 GC heap before
{Heap before GC invocations=35 (full 2):
 PSYoungGen      total 16896K, used 16889K [0x00000000eab00000, 0x00000000ecb00000, 0x0000000100000000)
  eden space 14848K, 100% used [0x00000000eab00000,0x00000000eb980000,0x00000000eb980000)
  from space 2048K, 99% used [0x00000000ec000000,0x00000000ec1fe560,0x00000000ec200000)
  to   space 6656K, 0% used [0x00000000eb980000,0x00000000eb980000,0x00000000ec000000)
 ParOldGen       total 68608K, used 48580K [0x00000000c0000000, 0x00000000c4300000, 0x00000000eab00000)
  object space 68608K, 70% used [0x00000000c0000000,0x00000000c2f711c0,0x00000000c4300000)
 Metaspace       used 51283K, committed 52160K, reserved 1114112K
  class space    used 5039K, committed 5440K, reserved 1048576K
}
Event: 9.386 GC heap after
{Heap after GC invocations=35 (full 2):
 PSYoungGen      total 18432K, used 3463K [0x00000000eab00000, 0x00000000ec280000, 0x0000000100000000)
  eden space 14848K, 0% used [0x00000000eab00000,0x00000000eab00000,0x00000000eb980000)
  from space 3584K, 96% used [0x00000000eb980000,0x00000000ebce1e70,0x00000000ebd00000)
  to   space 4608K, 0% used [0x00000000ebe00000,0x00000000ebe00000,0x00000000ec280000)
 ParOldGen       total 68608K, used 50621K [0x00000000c0000000, 0x00000000c4300000, 0x00000000eab00000)
  object space 68608K, 73% used [0x00000000c0000000,0x00000000c316f7b0,0x00000000c4300000)
 Metaspace       used 51283K, committed 52160K, reserved 1114112K
  class space    used 5039K, committed 5440K, reserved 1048576K
}
Event: 9.626 GC heap before
{Heap before GC invocations=36 (full 2):
 PSYoungGen      total 18432K, used 18311K [0x00000000eab00000, 0x00000000ec280000, 0x0000000100000000)
  eden space 14848K, 100% used [0x00000000eab00000,0x00000000eb980000,0x00000000eb980000)
  from space 3584K, 96% used [0x00000000eb980000,0x00000000ebce1e70,0x00000000ebd00000)
  to   space 4608K, 0% used [0x00000000ebe00000,0x00000000ebe00000,0x00000000ec280000)
 ParOldGen       total 68608K, used 50621K [0x00000000c0000000, 0x00000000c4300000, 0x00000000eab00000)
  object space 68608K, 73% used [0x00000000c0000000,0x00000000c316f7b0,0x00000000c4300000)
 Metaspace       used 51485K, committed 52416K, reserved 1114112K
  class space    used 5039K, committed 5440K, reserved 1048576K
}
Event: 9.633 GC heap after
{Heap after GC invocations=36 (full 2):
 PSYoungGen      total 17408K, used 2368K [0x00000000eab00000, 0x00000000ec080000, 0x0000000100000000)
  eden space 14848K, 0% used [0x00000000eab00000,0x00000000eab00000,0x00000000eb980000)
  from space 2560K, 92% used [0x00000000ebe00000,0x00000000ec050000,0x00000000ec080000)
  to   space 3072K, 0% used [0x00000000eba80000,0x00000000eba80000,0x00000000ebd80000)
 ParOldGen       total 68608K, used 53875K [0x00000000c0000000, 0x00000000c4300000, 0x00000000eab00000)
  object space 68608K, 78% used [0x00000000c0000000,0x00000000c349ce10,0x00000000c4300000)
 Metaspace       used 51485K, committed 52416K, reserved 1114112K
  class space    used 5039K, committed 5440K, reserved 1048576K
}
Event: 10.104 GC heap before
{Heap before GC invocations=37 (full 2):
 PSYoungGen      total 17408K, used 17216K [0x00000000eab00000, 0x00000000ec080000, 0x0000000100000000)
  eden space 14848K, 100% used [0x00000000eab00000,0x00000000eb980000,0x00000000eb980000)
  from space 2560K, 92% used [0x00000000ebe00000,0x00000000ec050000,0x00000000ec080000)
  to   space 3072K, 0% used [0x00000000eba80000,0x00000000eba80000,0x00000000ebd80000)
 ParOldGen       total 68608K, used 53875K [0x00000000c0000000, 0x00000000c4300000, 0x00000000eab00000)
  object space 68608K, 78% used [0x00000000c0000000,0x00000000c349ce10,0x00000000c4300000)
 Metaspace       used 51844K, committed 52736K, reserved 1114112K
  class space    used 5040K, committed 5440K, reserved 1048576K
}
Event: 10.122 GC heap after
{Heap after GC invocations=37 (full 2):
 PSYoungGen      total 17920K, used 2752K [0x00000000eab00000, 0x00000000ebf80000, 0x0000000100000000)
  eden space 14848K, 0% used [0x00000000eab00000,0x00000000eab00000,0x00000000eb980000)
  from space 3072K, 89% used [0x00000000eba80000,0x00000000ebd30000,0x00000000ebd80000)
  to   space 2048K, 0% used [0x00000000ebd80000,0x00000000ebd80000,0x00000000ebf80000)
 ParOldGen       total 68608K, used 56098K [0x00000000c0000000, 0x00000000c4300000, 0x00000000eab00000)
  object space 68608K, 81% used [0x00000000c0000000,0x00000000c36c88b8,0x00000000c4300000)
 Metaspace       used 51844K, committed 52736K, reserved 1114112K
  class space    used 5040K, committed 5440K, reserved 1048576K
}
Event: 10.427 GC heap before
{Heap before GC invocations=38 (full 2):
 PSYoungGen      total 17920K, used 17600K [0x00000000eab00000, 0x00000000ebf80000, 0x0000000100000000)
  eden space 14848K, 100% used [0x00000000eab00000,0x00000000eb980000,0x00000000eb980000)
  from space 3072K, 89% used [0x00000000eba80000,0x00000000ebd30000,0x00000000ebd80000)
  to   space 2048K, 0% used [0x00000000ebd80000,0x00000000ebd80000,0x00000000ebf80000)
 ParOldGen       total 68608K, used 56098K [0x00000000c0000000, 0x00000000c4300000, 0x00000000eab00000)
  object space 68608K, 81% used [0x00000000c0000000,0x00000000c36c88b8,0x00000000c4300000)
 Metaspace       used 51922K, committed 52864K, reserved 1114112K
  class space    used 5040K, committed 5440K, reserved 1048576K
}
Event: 10.432 GC heap after
{Heap after GC invocations=38 (full 2):
 PSYoungGen      total 15360K, used 2048K [0x00000000eab00000, 0x00000000ec480000, 0x0000000100000000)
  eden space 13312K, 0% used [0x00000000eab00000,0x00000000eab00000,0x00000000eb800000)
  from space 2048K, 100% used [0x00000000ebd80000,0x00000000ebf80000,0x00000000ebf80000)
  to   space 5632K, 0% used [0x00000000eb800000,0x00000000eb800000,0x00000000ebd80000)
 ParOldGen       total 68608K, used 59002K [0x00000000c0000000, 0x00000000c4300000, 0x00000000eab00000)
  object space 68608K, 85% used [0x00000000c0000000,0x00000000c399e8b8,0x00000000c4300000)
 Metaspace       used 51922K, committed 52864K, reserved 1114112K
  class space    used 5040K, committed 5440K, reserved 1048576K
}
Event: 10.677 GC heap before
{Heap before GC invocations=39 (full 2):
 PSYoungGen      total 15360K, used 15360K [0x00000000eab00000, 0x00000000ec480000, 0x0000000100000000)
  eden space 13312K, 100% used [0x00000000eab00000,0x00000000eb800000,0x00000000eb800000)
  from space 2048K, 100% used [0x00000000ebd80000,0x00000000ebf80000,0x00000000ebf80000)
  to   space 5632K, 0% used [0x00000000eb800000,0x00000000eb800000,0x00000000ebd80000)
 ParOldGen       total 68608K, used 59002K [0x00000000c0000000, 0x00000000c4300000, 0x00000000eab00000)
  object space 68608K, 85% used [0x00000000c0000000,0x00000000c399e8b8,0x00000000c4300000)
 Metaspace       used 52016K, committed 52928K, reserved 1114112K
  class space    used 5040K, committed 5440K, reserved 1048576K
}
Event: 10.681 GC heap after
{Heap after GC invocations=39 (full 2):
 PSYoungGen      total 15872K, used 2112K [0x00000000eab00000, 0x00000000ebf00000, 0x0000000100000000)
  eden space 13312K, 0% used [0x00000000eab00000,0x00000000eab00000,0x00000000eb800000)
  from space 2560K, 82% used [0x00000000eb800000,0x00000000eba10000,0x00000000eba80000)
  to   space 3584K, 0% used [0x00000000ebb80000,0x00000000ebb80000,0x00000000ebf00000)
 ParOldGen       total 68608K, used 61013K [0x00000000c0000000, 0x00000000c4300000, 0x00000000eab00000)
  object space 68608K, 88% used [0x00000000c0000000,0x00000000c3b956c8,0x00000000c4300000)
 Metaspace       used 52016K, committed 52928K, reserved 1114112K
  class space    used 5040K, committed 5440K, reserved 1048576K
}
Event: 11.019 GC heap before
{Heap before GC invocations=40 (full 2):
 PSYoungGen      total 15872K, used 15424K [0x00000000eab00000, 0x00000000ebf00000, 0x0000000100000000)
  eden space 13312K, 100% used [0x00000000eab00000,0x00000000eb800000,0x00000000eb800000)
  from space 2560K, 82% used [0x00000000eb800000,0x00000000eba10000,0x00000000eba80000)
  to   space 3584K, 0% used [0x00000000ebb80000,0x00000000ebb80000,0x00000000ebf00000)
 ParOldGen       total 68608K, used 61013K [0x00000000c0000000, 0x00000000c4300000, 0x00000000eab00000)
  object space 68608K, 88% used [0x00000000c0000000,0x00000000c3b956c8,0x00000000c4300000)
 Metaspace       used 52254K, committed 53120K, reserved 1114112K
  class space    used 5043K, committed 5440K, reserved 1048576K
}
Event: 11.023 GC heap after
{Heap after GC invocations=40 (full 2):
 PSYoungGen      total 16384K, used 2639K [0x00000000eab00000, 0x00000000ebe80000, 0x0000000100000000)
  eden space 13312K, 0% used [0x00000000eab00000,0x00000000eab00000,0x00000000eb800000)
  from space 3072K, 85% used [0x00000000ebb80000,0x00000000ebe13cd0,0x00000000ebe80000)
  to   space 3072K, 0% used [0x00000000eb880000,0x00000000eb880000,0x00000000ebb80000)
 ParOldGen       total 68608K, used 62907K [0x00000000c0000000, 0x00000000c4300000, 0x00000000eab00000)
  object space 68608K, 91% used [0x00000000c0000000,0x00000000c3d6ef58,0x00000000c4300000)
 Metaspace       used 52254K, committed 53120K, reserved 1114112K
  class space    used 5043K, committed 5440K, reserved 1048576K
}
Event: 11.359 GC heap before
{Heap before GC invocations=41 (full 2):
 PSYoungGen      total 16384K, used 15950K [0x00000000eab00000, 0x00000000ebe80000, 0x0000000100000000)
  eden space 13312K, 99% used [0x00000000eab00000,0x00000000eb7ffd20,0x00000000eb800000)
  from space 3072K, 85% used [0x00000000ebb80000,0x00000000ebe13cd0,0x00000000ebe80000)
  to   space 3072K, 0% used [0x00000000eb880000,0x00000000eb880000,0x00000000ebb80000)
 ParOldGen       total 68608K, used 62907K [0x00000000c0000000, 0x00000000c4300000, 0x00000000eab00000)
  object space 68608K, 91% used [0x00000000c0000000,0x00000000c3d6ef58,0x00000000c4300000)
 Metaspace       used 52596K, committed 53504K, reserved 1114112K
  class space    used 5067K, committed 5440K, reserved 1048576K
}
Event: 11.364 GC heap after
{Heap after GC invocations=41 (full 2):
 PSYoungGen      total 16384K, used 2861K [0x00000000eab00000, 0x00000000ebe00000, 0x0000000100000000)
  eden space 13312K, 0% used [0x00000000eab00000,0x00000000eab00000,0x00000000eb800000)
  from space 3072K, 93% used [0x00000000eb880000,0x00000000ebb4b4b0,0x00000000ebb80000)
  to   space 2560K, 0% used [0x00000000ebb80000,0x00000000ebb80000,0x00000000ebe00000)
 ParOldGen       total 68608K, used 65446K [0x00000000c0000000, 0x00000000c4300000, 0x00000000eab00000)
  object space 68608K, 95% used [0x00000000c0000000,0x00000000c3fe9b48,0x00000000c4300000)
 Metaspace       used 52596K, committed 53504K, reserved 1114112K
  class space    used 5067K, committed 5440K, reserved 1048576K
}
Event: 21.787 GC heap before
{Heap before GC invocations=42 (full 2):
 PSYoungGen      total 16384K, used 16164K [0x00000000eab00000, 0x00000000ebe00000, 0x0000000100000000)
  eden space 13312K, 99% used [0x00000000eab00000,0x00000000eb7fdef0,0x00000000eb800000)
  from space 3072K, 93% used [0x00000000eb880000,0x00000000ebb4b4b0,0x00000000ebb80000)
  to   space 2560K, 0% used [0x00000000ebb80000,0x00000000ebb80000,0x00000000ebe00000)
 ParOldGen       total 68608K, used 65446K [0x00000000c0000000, 0x00000000c4300000, 0x00000000eab00000)
  object space 68608K, 95% used [0x00000000c0000000,0x00000000c3fe9b48,0x00000000c4300000)
 Metaspace       used 53002K, committed 53888K, reserved 1114112K
  class space    used 5101K, committed 5504K, reserved 1048576K
}
Event: 21.791 GC heap after
{Heap after GC invocations=42 (full 2):
 PSYoungGen      total 13824K, used 2549K [0x00000000eab00000, 0x00000000ec300000, 0x0000000100000000)
  eden space 11264K, 0% used [0x00000000eab00000,0x00000000eab00000,0x00000000eb600000)
  from space 2560K, 99% used [0x00000000ebb80000,0x00000000ebdfd418,0x00000000ebe00000)
  to   space 5632K, 0% used [0x00000000eb600000,0x00000000eb600000,0x00000000ebb80000)
 ParOldGen       total 68608K, used 68083K [0x00000000c0000000, 0x00000000c4300000, 0x00000000eab00000)
  object space 68608K, 99% used [0x00000000c0000000,0x00000000c427ccb8,0x00000000c4300000)
 Metaspace       used 53002K, committed 53888K, reserved 1114112K
  class space    used 5101K, committed 5504K, reserved 1048576K
}

