# JRE version: OpenJDK Runtime Environment Temurin-17.0.13+11 (17.0.13+11) (build 17.0.13+11)
# Java VM: OpenJDK 64-Bit Server VM Temurin-17.0.13+11 (17.0.13+11, mixed mode, tiered, compressed oops, compressed class ptrs, parallel gc, windows-amd64)
GC Precious Log:
 CPUs: 12 total, 12 available
 Memory: 32698M
 Large Page Support: Disabled
 NUMA Support: Disabled
 Compressed Oops: Enabled (32-bit)
 Alignments: Space 512K, Generation 512K, Heap 2M
 Heap Min Capacity: 100M
 Heap Initial Capacity: 100M
 Heap Max Capacity: 1G
 Pre-touch: Disabled
 Parallel Workers: 10
Heap:
 PSYoungGen      total 10240K, used 7321K [0x00000000eab00000, 0x00000000eba00000, 0x0000000100000000)
  eden space 7168K, 65% used [0x00000000eab00000,0x00000000eaf93f68,0x00000000eb200000)
  from space 3072K, 85% used [0x00000000eb700000,0x00000000eb992738,0x00000000eba00000)
  to   space 3584K, 0% used [0x00000000eb300000,0x00000000eb300000,0x00000000eb680000)
 ParOldGen       total 120320K, used 103184K [0x00000000c0000000, 0x00000000c7580000, 0x00000000eab00000)
  object space 120320K, 85% used [0x00000000c0000000,0x00000000c64c4358,0x00000000c7580000)
 Metaspace       used 67415K, committed 68544K, reserved 1114112K
  class space    used 7249K, committed 7744K, reserved 1048576K
GC Heap History (20 events):
Event: 14.137 GC heap before
{Heap before GC invocations=49 (full 4):
 PSYoungGen      total 14336K, used 13906K [0x00000000eab00000, 0x00000000ebe00000, 0x0000000100000000)
  eden space 11264K, 99% used [0x00000000eab00000,0x00000000eb5f8718,0x00000000eb600000)
  from space 3072K, 86% used [0x00000000eb600000,0x00000000eb89c128,0x00000000eb900000)
  to   space 4096K, 0% used [0x00000000eba00000,0x00000000eba00000,0x00000000ebe00000)
 ParOldGen       total 93184K, used 85675K [0x00000000c0000000, 0x00000000c5b00000, 0x00000000eab00000)
  object space 93184K, 91% used [0x00000000c0000000,0x00000000c53aafd0,0x00000000c5b00000)
 Metaspace       used 66756K, committed 67904K, reserved 1114112K
  class space    used 7176K, committed 7680K, reserved 1048576K
}
Event: 14.140 GC heap after
{Heap after GC invocations=49 (full 4):
 PSYoungGen      total 14336K, used 2607K [0x00000000eab00000, 0x00000000ebd00000, 0x0000000100000000)
  eden space 11264K, 0% used [0x00000000eab00000,0x00000000eab00000,0x00000000eb600000)
  from space 3072K, 84% used [0x00000000eba00000,0x00000000ebc8bd78,0x00000000ebd00000)
  to   space 3072K, 0% used [0x00000000eb600000,0x00000000eb600000,0x00000000eb900000)
 ParOldGen       total 93184K, used 88175K [0x00000000c0000000, 0x00000000c5b00000, 0x00000000eab00000)
  object space 93184K, 94% used [0x00000000c0000000,0x00000000c561bd40,0x00000000c5b00000)
 Metaspace       used 66756K, committed 67904K, reserved 1114112K
  class space    used 7176K, committed 7680K, reserved 1048576K
}
Event: 14.186 GC heap before
{Heap before GC invocations=50 (full 4):
 PSYoungGen      total 14336K, used 13871K [0x00000000eab00000, 0x00000000ebd00000, 0x0000000100000000)
  eden space 11264K, 100% used [0x00000000eab00000,0x00000000eb600000,0x00000000eb600000)
  from space 3072K, 84% used [0x00000000eba00000,0x00000000ebc8bd78,0x00000000ebd00000)
  to   space 3072K, 0% used [0x00000000eb600000,0x00000000eb600000,0x00000000eb900000)
 ParOldGen       total 93184K, used 88175K [0x00000000c0000000, 0x00000000c5b00000, 0x00000000eab00000)
  object space 93184K, 94% used [0x00000000c0000000,0x00000000c561bd40,0x00000000c5b00000)
 Metaspace       used 66812K, committed 67968K, reserved 1114112K
  class space    used 7181K, committed 7680K, reserved 1048576K
}
Event: 14.189 GC heap after
{Heap after GC invocations=50 (full 4):
 PSYoungGen      total 14336K, used 2693K [0x00000000eab00000, 0x00000000ebc00000, 0x0000000100000000)
  eden space 11264K, 0% used [0x00000000eab00000,0x00000000eab00000,0x00000000eb600000)
  from space 3072K, 87% used [0x00000000eb600000,0x00000000eb8a1668,0x00000000eb900000)
  to   space 3072K, 0% used [0x00000000eb900000,0x00000000eb900000,0x00000000ebc00000)
 ParOldGen       total 93184K, used 90583K [0x00000000c0000000, 0x00000000c5b00000, 0x00000000eab00000)
  object space 93184K, 97% used [0x00000000c0000000,0x00000000c5875c08,0x00000000c5b00000)
 Metaspace       used 66812K, committed 67968K, reserved 1114112K
  class space    used 7181K, committed 7680K, reserved 1048576K
}
Event: 14.240 GC heap before
{Heap before GC invocations=51 (full 4):
 PSYoungGen      total 14336K, used 13957K [0x00000000eab00000, 0x00000000ebc00000, 0x0000000100000000)
  eden space 11264K, 100% used [0x00000000eab00000,0x00000000eb600000,0x00000000eb600000)
  from space 3072K, 87% used [0x00000000eb600000,0x00000000eb8a1668,0x00000000eb900000)
  to   space 3072K, 0% used [0x00000000eb900000,0x00000000eb900000,0x00000000ebc00000)
 ParOldGen       total 93184K, used 90583K [0x00000000c0000000, 0x00000000c5b00000, 0x00000000eab00000)
  object space 93184K, 97% used [0x00000000c0000000,0x00000000c5875c08,0x00000000c5b00000)
 Metaspace       used 66913K, committed 68096K, reserved 1114112K
  class space    used 7186K, committed 7680K, reserved 1048576K
}
Event: 14.243 GC heap after
{Heap after GC invocations=51 (full 4):
 PSYoungGen      total 13824K, used 2419K [0x00000000eab00000, 0x00000000ebb80000, 0x0000000100000000)
  eden space 11264K, 0% used [0x00000000eab00000,0x00000000eab00000,0x00000000eb600000)
  from space 2560K, 94% used [0x00000000eb900000,0x00000000ebb5cf60,0x00000000ebb80000)
  to   space 2560K, 0% used [0x00000000eb680000,0x00000000eb680000,0x00000000eb900000)
 ParOldGen       total 93184K, used 93090K [0x00000000c0000000, 0x00000000c5b00000, 0x00000000eab00000)
  object space 93184K, 99% used [0x00000000c0000000,0x00000000c5ae8a90,0x00000000c5b00000)
 Metaspace       used 66913K, committed 68096K, reserved 1114112K
  class space    used 7186K, committed 7680K, reserved 1048576K
}
Event: 14.287 GC heap before
{Heap before GC invocations=52 (full 5):
 PSYoungGen      total 13824K, used 13683K [0x00000000eab00000, 0x00000000ebb80000, 0x0000000100000000)
  eden space 11264K, 100% used [0x00000000eab00000,0x00000000eb600000,0x00000000eb600000)
  from space 2560K, 94% used [0x00000000eb900000,0x00000000ebb5cf60,0x00000000ebb80000)
  to   space 2560K, 0% used [0x00000000eb680000,0x00000000eb680000,0x00000000eb900000)
 ParOldGen       total 93184K, used 93090K [0x00000000c0000000, 0x00000000c5b00000, 0x00000000eab00000)
  object space 93184K, 99% used [0x00000000c0000000,0x00000000c5ae8a90,0x00000000c5b00000)
 Metaspace       used 66978K, committed 68096K, reserved 1114112K
  class space    used 7196K, committed 7680K, reserved 1048576K
}
Event: 14.403 GC heap after
{Heap after GC invocations=52 (full 5):
 PSYoungGen      total 13312K, used 1687K [0x00000000eab00000, 0x00000000ebb00000, 0x0000000100000000)
  eden space 11264K, 0% used [0x00000000eab00000,0x00000000eab00000,0x00000000eb600000)
  from space 2048K, 82% used [0x00000000eb900000,0x00000000ebaa5c38,0x00000000ebb00000)
  to   space 2560K, 0% used [0x00000000eb600000,0x00000000eb600000,0x00000000eb880000)
 ParOldGen       total 120320K, used 92731K [0x00000000c0000000, 0x00000000c7580000, 0x00000000eab00000)
  object space 120320K, 77% used [0x00000000c0000000,0x00000000c5a8ec90,0x00000000c7580000)
 Metaspace       used 66978K, committed 68096K, reserved 1114112K
  class space    used 7196K, committed 7680K, reserved 1048576K
}
Event: 14.459 GC heap before
{Heap before GC invocations=53 (full 5):
 PSYoungGen      total 13312K, used 12909K [0x00000000eab00000, 0x00000000ebb00000, 0x0000000100000000)
  eden space 11264K, 99% used [0x00000000eab00000,0x00000000eb5f5880,0x00000000eb600000)
  from space 2048K, 82% used [0x00000000eb900000,0x00000000ebaa5c38,0x00000000ebb00000)
  to   space 2560K, 0% used [0x00000000eb600000,0x00000000eb600000,0x00000000eb880000)
 ParOldGen       total 120320K, used 92731K [0x00000000c0000000, 0x00000000c7580000, 0x00000000eab00000)
  object space 120320K, 77% used [0x00000000c0000000,0x00000000c5a8ec90,0x00000000c7580000)
 Metaspace       used 67008K, committed 68160K, reserved 1114112K
  class space    used 7203K, committed 7680K, reserved 1048576K
}
Event: 14.472 GC heap after
{Heap after GC invocations=53 (full 5):
 PSYoungGen      total 13824K, used 2485K [0x00000000eab00000, 0x00000000ebb00000, 0x0000000100000000)
  eden space 11264K, 0% used [0x00000000eab00000,0x00000000eab00000,0x00000000eb600000)
  from space 2560K, 97% used [0x00000000eb600000,0x00000000eb86d700,0x00000000eb880000)
  to   space 2560K, 0% used [0x00000000eb880000,0x00000000eb880000,0x00000000ebb00000)
 ParOldGen       total 120320K, used 94473K [0x00000000c0000000, 0x00000000c7580000, 0x00000000eab00000)
  object space 120320K, 78% used [0x00000000c0000000,0x00000000c5c42400,0x00000000c7580000)
 Metaspace       used 67008K, committed 68160K, reserved 1114112K
  class space    used 7203K, committed 7680K, reserved 1048576K
}
Event: 14.557 GC heap before
{Heap before GC invocations=54 (full 5):
 PSYoungGen      total 13824K, used 13749K [0x00000000eab00000, 0x00000000ebb00000, 0x0000000100000000)
  eden space 11264K, 100% used [0x00000000eab00000,0x00000000eb600000,0x00000000eb600000)
  from space 2560K, 97% used [0x00000000eb600000,0x00000000eb86d700,0x00000000eb880000)
  to   space 2560K, 0% used [0x00000000eb880000,0x00000000eb880000,0x00000000ebb00000)
 ParOldGen       total 120320K, used 94473K [0x00000000c0000000, 0x00000000c7580000, 0x00000000eab00000)
  object space 120320K, 78% used [0x00000000c0000000,0x00000000c5c42400,0x00000000c7580000)
 Metaspace       used 67131K, committed 68224K, reserved 1114112K
  class space    used 7216K, committed 7680K, reserved 1048576K
}
Event: 14.561 GC heap after
{Heap after GC invocations=54 (full 5):
 PSYoungGen      total 9728K, used 2539K [0x00000000eab00000, 0x00000000ec300000, 0x0000000100000000)
  eden space 7168K, 0% used [0x00000000eab00000,0x00000000eab00000,0x00000000eb200000)
  from space 2560K, 99% used [0x00000000eb880000,0x00000000ebafacf0,0x00000000ebb00000)
  to   space 6656K, 0% used [0x00000000eb200000,0x00000000eb200000,0x00000000eb880000)
 ParOldGen       total 120320K, used 97551K [0x00000000c0000000, 0x00000000c7580000, 0x00000000eab00000)
  object space 120320K, 81% used [0x00000000c0000000,0x00000000c5f43cb0,0x00000000c7580000)
 Metaspace       used 67131K, committed 68224K, reserved 1114112K
  class space    used 7216K, committed 7680K, reserved 1048576K
}
Event: 14.593 GC heap before
{Heap before GC invocations=55 (full 5):
 PSYoungGen      total 9728K, used 9707K [0x00000000eab00000, 0x00000000ec300000, 0x0000000100000000)
  eden space 7168K, 100% used [0x00000000eab00000,0x00000000eb200000,0x00000000eb200000)
  from space 2560K, 99% used [0x00000000eb880000,0x00000000ebafacf0,0x00000000ebb00000)
  to   space 6656K, 0% used [0x00000000eb200000,0x00000000eb200000,0x00000000eb880000)
 ParOldGen       total 120320K, used 97551K [0x00000000c0000000, 0x00000000c7580000, 0x00000000eab00000)
  object space 120320K, 81% used [0x00000000c0000000,0x00000000c5f43cb0,0x00000000c7580000)
 Metaspace       used 67180K, committed 68288K, reserved 1114112K
  class space    used 7220K, committed 7680K, reserved 1048576K
}
Event: 14.596 GC heap after
{Heap after GC invocations=55 (full 5):
 PSYoungGen      total 9216K, used 1681K [0x00000000eab00000, 0x00000000eb900000, 0x0000000100000000)
  eden space 7168K, 0% used [0x00000000eab00000,0x00000000eab00000,0x00000000eb200000)
  from space 2048K, 82% used [0x00000000eb200000,0x00000000eb3a4600,0x00000000eb400000)
  to   space 3584K, 0% used [0x00000000eb580000,0x00000000eb580000,0x00000000eb900000)
 ParOldGen       total 120320K, used 100005K [0x00000000c0000000, 0x00000000c7580000, 0x00000000eab00000)
  object space 120320K, 83% used [0x00000000c0000000,0x00000000c61a94a0,0x00000000c7580000)
 Metaspace       used 67180K, committed 68288K, reserved 1114112K
  class space    used 7220K, committed 7680K, reserved 1048576K
}
Event: 14.631 GC heap before
{Heap before GC invocations=56 (full 5):
 PSYoungGen      total 9216K, used 8825K [0x00000000eab00000, 0x00000000eb900000, 0x0000000100000000)
  eden space 7168K, 99% used [0x00000000eab00000,0x00000000eb1f9f20,0x00000000eb200000)
  from space 2048K, 82% used [0x00000000eb200000,0x00000000eb3a4600,0x00000000eb400000)
  to   space 3584K, 0% used [0x00000000eb580000,0x00000000eb580000,0x00000000eb900000)
 ParOldGen       total 120320K, used 100005K [0x00000000c0000000, 0x00000000c7580000, 0x00000000eab00000)
  object space 120320K, 83% used [0x00000000c0000000,0x00000000c61a94a0,0x00000000c7580000)
 Metaspace       used 67232K, committed 68416K, reserved 1114112K
  class space    used 7224K, committed 7744K, reserved 1048576K
}
Event: 14.633 GC heap after
{Heap after GC invocations=56 (full 5):
 PSYoungGen      total 10752K, used 2985K [0x00000000eab00000, 0x00000000eb900000, 0x0000000100000000)
  eden space 7168K, 0% used [0x00000000eab00000,0x00000000eab00000,0x00000000eb200000)
  from space 3584K, 83% used [0x00000000eb580000,0x00000000eb86a538,0x00000000eb900000)
  to   space 3584K, 0% used [0x00000000eb200000,0x00000000eb200000,0x00000000eb580000)
 ParOldGen       total 120320K, used 100013K [0x00000000c0000000, 0x00000000c7580000, 0x00000000eab00000)
  object space 120320K, 83% used [0x00000000c0000000,0x00000000c61ab4a0,0x00000000c7580000)
 Metaspace       used 67232K, committed 68416K, reserved 1114112K
  class space    used 7224K, committed 7744K, reserved 1048576K
}
Event: 14.688 GC heap before
{Heap before GC invocations=57 (full 5):
 PSYoungGen      total 10752K, used 10153K [0x00000000eab00000, 0x00000000eb900000, 0x0000000100000000)
  eden space 7168K, 100% used [0x00000000eab00000,0x00000000eb200000,0x00000000eb200000)
  from space 3584K, 83% used [0x00000000eb580000,0x00000000eb86a538,0x00000000eb900000)
  to   space 3584K, 0% used [0x00000000eb200000,0x00000000eb200000,0x00000000eb580000)
 ParOldGen       total 120320K, used 100013K [0x00000000c0000000, 0x00000000c7580000, 0x00000000eab00000)
  object space 120320K, 83% used [0x00000000c0000000,0x00000000c61ab4a0,0x00000000c7580000)
 Metaspace       used 67291K, committed 68480K, reserved 1114112K
  class space    used 7233K, committed 7744K, reserved 1048576K
}
Event: 14.691 GC heap after
{Heap after GC invocations=57 (full 5):
 PSYoungGen      total 10752K, used 3562K [0x00000000eab00000, 0x00000000ebc00000, 0x0000000100000000)
  eden space 7168K, 0% used [0x00000000eab00000,0x00000000eab00000,0x00000000eb200000)
  from space 3584K, 99% used [0x00000000eb200000,0x00000000eb57aba8,0x00000000eb580000)
  to   space 5120K, 0% used [0x00000000eb700000,0x00000000eb700000,0x00000000ebc00000)
 ParOldGen       total 120320K, used 100811K [0x00000000c0000000, 0x00000000c7580000, 0x00000000eab00000)
  object space 120320K, 83% used [0x00000000c0000000,0x00000000c6272d60,0x00000000c7580000)
 Metaspace       used 67291K, committed 68480K, reserved 1114112K
  class space    used 7233K, committed 7744K, reserved 1048576K
}
Event: 14.766 GC heap before
{Heap before GC invocations=58 (full 5):
 PSYoungGen      total 10752K, used 10730K [0x00000000eab00000, 0x00000000ebc00000, 0x0000000100000000)
  eden space 7168K, 100% used [0x00000000eab00000,0x00000000eb200000,0x00000000eb200000)
  from space 3584K, 99% used [0x00000000eb200000,0x00000000eb57aba8,0x00000000eb580000)
  to   space 5120K, 0% used [0x00000000eb700000,0x00000000eb700000,0x00000000ebc00000)
 ParOldGen       total 120320K, used 100811K [0x00000000c0000000, 0x00000000c7580000, 0x00000000eab00000)
  object space 120320K, 83% used [0x00000000c0000000,0x00000000c6272d60,0x00000000c7580000)
 Metaspace       used 67332K, committed 68480K, reserved 1114112K
  class space    used 7238K, committed 7744K, reserved 1048576K
}
Event: 14.769 GC heap after
{Heap after GC invocations=58 (full 5):
 PSYoungGen      total 10240K, used 2633K [0x00000000eab00000, 0x00000000eba00000, 0x0000000100000000)
  eden space 7168K, 0% used [0x00000000eab00000,0x00000000eab00000,0x00000000eb200000)
  from space 3072K, 85% used [0x00000000eb700000,0x00000000eb992738,0x00000000eba00000)
  to   space 3584K, 0% used [0x00000000eb300000,0x00000000eb300000,0x00000000eb680000)
 ParOldGen       total 120320K, used 103184K [0x00000000c0000000, 0x00000000c7580000, 0x00000000eab00000)
  object space 120320K, 85% used [0x00000000c0000000,0x00000000c64c4358,0x00000000c7580000)
 Metaspace       used 67332K, committed 68480K, reserved 1114112K
  class space    used 7238K, committed 7744K, reserved 1048576K
}

