# JRE version: OpenJDK Runtime Environment Temurin-17.0.13+11 (17.0.13+11) (build 17.0.13+11)
# Java VM: OpenJDK 64-Bit Server VM Temurin-17.0.13+11 (17.0.13+11, mixed mode, tiered, compressed oops, compressed class ptrs, parallel gc, windows-amd64)
GC Precious Log:
 CPUs: 12 total, 12 available
 Memory: 32698M
 Large Page Support: Disabled
 NUMA Support: Disabled
 Compressed Oops: Enabled (32-bit)
 Alignments: Space 512K, Generation 512K, Heap 2M
 Heap Min Capacity: 100M
 Heap Initial Capacity: 100M
 Heap Max Capacity: 1G
 Pre-touch: Disabled
 Parallel Workers: 10
Heap:
 PSYoungGen      total 13824K, used 12366K [0x00000000eab00000, 0x00000000ec600000, 0x0000000100000000)
  eden space 13312K, 92% used [0x00000000eab00000,0x00000000eb713a00,0x00000000eb800000)
  from space 512K, 0% used [0x00000000eb900000,0x00000000eb900000,0x00000000eb980000)
  to   space 7168K, 0% used [0x00000000ebf00000,0x00000000ebf00000,0x00000000ec600000)
 ParOldGen       total 384000K, used 327598K [0x00000000c0000000, 0x00000000d7700000, 0x00000000eab00000)
  object space 384000K, 85% used [0x00000000c0000000,0x00000000d3febac0,0x00000000d7700000)
 Metaspace       used 71419K, committed 72640K, reserved 1114112K
  class space    used 7533K, committed 8064K, reserved 1048576K
GC Heap History (20 events):
Event: 19.960 GC heap before
{Heap before GC invocations=226 (full 11):
 PSYoungGen      total 22016K, used 22010K [0x00000000eab00000, 0x00000000ece80000, 0x0000000100000000)
  eden space 13312K, 100% used [0x00000000eab00000,0x00000000eb800000,0x00000000eb800000)
  from space 8704K, 99% used [0x00000000eb800000,0x00000000ec07e850,0x00000000ec080000)
  to   space 11264K, 0% used [0x00000000ec380000,0x00000000ec380000,0x00000000ece80000)
 ParOldGen       total 331264K, used 287264K [0x00000000c0000000, 0x00000000d4380000, 0x00000000eab00000)
  object space 331264K, 86% used [0x00000000c0000000,0x00000000d1888030,0x00000000d4380000)
 Metaspace       used 66958K, committed 68160K, reserved 1114112K
  class space    used 7032K, committed 7552K, reserved 1048576K
}
Event: 19.963 GC heap after
{Heap after GC invocations=226 (full 11):
 PSYoungGen      total 20480K, used 5502K [0x00000000eab00000, 0x00000000ec900000, 0x0000000100000000)
  eden space 14848K, 0% used [0x00000000eab00000,0x00000000eab00000,0x00000000eb980000)
  from space 5632K, 97% used [0x00000000ec380000,0x00000000ec8df9e8,0x00000000ec900000)
  to   space 7680K, 0% used [0x00000000eba00000,0x00000000eba00000,0x00000000ec180000)
 ParOldGen       total 331264K, used 294732K [0x00000000c0000000, 0x00000000d4380000, 0x00000000eab00000)
  object space 331264K, 88% used [0x00000000c0000000,0x00000000d1fd3190,0x00000000d4380000)
 Metaspace       used 66958K, committed 68160K, reserved 1114112K
  class space    used 7032K, committed 7552K, reserved 1048576K
}
Event: 20.258 GC heap before
{Heap before GC invocations=227 (full 11):
 PSYoungGen      total 20480K, used 20350K [0x00000000eab00000, 0x00000000ec900000, 0x0000000100000000)
  eden space 14848K, 100% used [0x00000000eab00000,0x00000000eb980000,0x00000000eb980000)
  from space 5632K, 97% used [0x00000000ec380000,0x00000000ec8df9e8,0x00000000ec900000)
  to   space 7680K, 0% used [0x00000000eba00000,0x00000000eba00000,0x00000000ec180000)
 ParOldGen       total 331264K, used 294732K [0x00000000c0000000, 0x00000000d4380000, 0x00000000eab00000)
  object space 331264K, 88% used [0x00000000c0000000,0x00000000d1fd3190,0x00000000d4380000)
 Metaspace       used 68396K, committed 69632K, reserved 1114112K
  class space    used 7241K, committed 7808K, reserved 1048576K
}
Event: 20.264 GC heap after
{Heap after GC invocations=227 (full 11):
 PSYoungGen      total 23040K, used 7663K [0x00000000eab00000, 0x00000000ed080000, 0x0000000100000000)
  eden space 15360K, 0% used [0x00000000eab00000,0x00000000eab00000,0x00000000eba00000)
  from space 7680K, 99% used [0x00000000eba00000,0x00000000ec17bc88,0x00000000ec180000)
  to   space 11264K, 0% used [0x00000000ec580000,0x00000000ec580000,0x00000000ed080000)
 ParOldGen       total 331264K, used 297340K [0x00000000c0000000, 0x00000000d4380000, 0x00000000eab00000)
  object space 331264K, 89% used [0x00000000c0000000,0x00000000d225f210,0x00000000d4380000)
 Metaspace       used 68396K, committed 69632K, reserved 1114112K
  class space    used 7241K, committed 7808K, reserved 1048576K
}
Event: 20.445 GC heap before
{Heap before GC invocations=228 (full 11):
 PSYoungGen      total 23040K, used 23010K [0x00000000eab00000, 0x00000000ed080000, 0x0000000100000000)
  eden space 15360K, 99% used [0x00000000eab00000,0x00000000eb9fcbb0,0x00000000eba00000)
  from space 7680K, 99% used [0x00000000eba00000,0x00000000ec17bc88,0x00000000ec180000)
  to   space 11264K, 0% used [0x00000000ec580000,0x00000000ec580000,0x00000000ed080000)
 ParOldGen       total 331264K, used 297340K [0x00000000c0000000, 0x00000000d4380000, 0x00000000eab00000)
  object space 331264K, 89% used [0x00000000c0000000,0x00000000d225f210,0x00000000d4380000)
 Metaspace       used 69437K, committed 70592K, reserved 1114112K
  class space    used 7363K, committed 7872K, reserved 1048576K
}
Event: 20.452 GC heap after
{Heap after GC invocations=228 (full 11):
 PSYoungGen      total 23552K, used 11240K [0x00000000eab00000, 0x00000000ed800000, 0x0000000100000000)
  eden space 12288K, 0% used [0x00000000eab00000,0x00000000eab00000,0x00000000eb700000)
  from space 11264K, 99% used [0x00000000ec580000,0x00000000ed07a120,0x00000000ed080000)
  to   space 14848K, 0% used [0x00000000eb700000,0x00000000eb700000,0x00000000ec580000)
 ParOldGen       total 331264K, used 300074K [0x00000000c0000000, 0x00000000d4380000, 0x00000000eab00000)
  object space 331264K, 90% used [0x00000000c0000000,0x00000000d250a908,0x00000000d4380000)
 Metaspace       used 69437K, committed 70592K, reserved 1114112K
  class space    used 7363K, committed 7872K, reserved 1048576K
}
Event: 20.558 GC heap before
{Heap before GC invocations=229 (full 11):
 PSYoungGen      total 23552K, used 23528K [0x00000000eab00000, 0x00000000ed800000, 0x0000000100000000)
  eden space 12288K, 100% used [0x00000000eab00000,0x00000000eb700000,0x00000000eb700000)
  from space 11264K, 99% used [0x00000000ec580000,0x00000000ed07a120,0x00000000ed080000)
  to   space 14848K, 0% used [0x00000000eb700000,0x00000000eb700000,0x00000000ec580000)
 ParOldGen       total 331264K, used 300074K [0x00000000c0000000, 0x00000000d4380000, 0x00000000eab00000)
  object space 331264K, 90% used [0x00000000c0000000,0x00000000d250a908,0x00000000d4380000)
 Metaspace       used 69639K, committed 70784K, reserved 1114112K
  class space    used 7377K, committed 7872K, reserved 1048576K
}
Event: 20.564 GC heap after
{Heap after GC invocations=229 (full 11):
 PSYoungGen      total 18944K, used 6181K [0x00000000eab00000, 0x00000000eca00000, 0x0000000100000000)
  eden space 12288K, 0% used [0x00000000eab00000,0x00000000eab00000,0x00000000eb700000)
  from space 6656K, 92% used [0x00000000eb700000,0x00000000ebd094f8,0x00000000ebd80000)
  to   space 9216K, 0% used [0x00000000ec100000,0x00000000ec100000,0x00000000eca00000)
 ParOldGen       total 331264K, used 309385K [0x00000000c0000000, 0x00000000d4380000, 0x00000000eab00000)
  object space 331264K, 93% used [0x00000000c0000000,0x00000000d2e22598,0x00000000d4380000)
 Metaspace       used 69639K, committed 70784K, reserved 1114112K
  class space    used 7377K, committed 7872K, reserved 1048576K
}
Event: 20.690 GC heap before
{Heap before GC invocations=230 (full 11):
 PSYoungGen      total 18944K, used 18469K [0x00000000eab00000, 0x00000000eca00000, 0x0000000100000000)
  eden space 12288K, 100% used [0x00000000eab00000,0x00000000eb700000,0x00000000eb700000)
  from space 6656K, 92% used [0x00000000eb700000,0x00000000ebd094f8,0x00000000ebd80000)
  to   space 9216K, 0% used [0x00000000ec100000,0x00000000ec100000,0x00000000eca00000)
 ParOldGen       total 331264K, used 309385K [0x00000000c0000000, 0x00000000d4380000, 0x00000000eab00000)
  object space 331264K, 93% used [0x00000000c0000000,0x00000000d2e22598,0x00000000d4380000)
 Metaspace       used 69892K, committed 71104K, reserved 1114112K
  class space    used 7390K, committed 7936K, reserved 1048576K
}
Event: 20.696 GC heap after
{Heap after GC invocations=230 (full 11):
 PSYoungGen      total 19968K, used 9196K [0x00000000eab00000, 0x00000000ecf00000, 0x0000000100000000)
  eden space 10752K, 0% used [0x00000000eab00000,0x00000000eab00000,0x00000000eb580000)
  from space 9216K, 99% used [0x00000000ec100000,0x00000000ec9fb380,0x00000000eca00000)
  to   space 11776K, 0% used [0x00000000eb580000,0x00000000eb580000,0x00000000ec100000)
 ParOldGen       total 331264K, used 310683K [0x00000000c0000000, 0x00000000d4380000, 0x00000000eab00000)
  object space 331264K, 93% used [0x00000000c0000000,0x00000000d2f66f50,0x00000000d4380000)
 Metaspace       used 69892K, committed 71104K, reserved 1114112K
  class space    used 7390K, committed 7936K, reserved 1048576K
}
Event: 20.761 GC heap before
{Heap before GC invocations=231 (full 11):
 PSYoungGen      total 19968K, used 19948K [0x00000000eab00000, 0x00000000ecf00000, 0x0000000100000000)
  eden space 10752K, 100% used [0x00000000eab00000,0x00000000eb580000,0x00000000eb580000)
  from space 9216K, 99% used [0x00000000ec100000,0x00000000ec9fb380,0x00000000eca00000)
  to   space 11776K, 0% used [0x00000000eb580000,0x00000000eb580000,0x00000000ec100000)
 ParOldGen       total 331264K, used 310683K [0x00000000c0000000, 0x00000000d4380000, 0x00000000eab00000)
  object space 331264K, 93% used [0x00000000c0000000,0x00000000d2f66f50,0x00000000d4380000)
 Metaspace       used 70039K, committed 71232K, reserved 1114112K
  class space    used 7401K, committed 7936K, reserved 1048576K
}
Event: 20.768 GC heap after
{Heap after GC invocations=231 (full 11):
 PSYoungGen      total 14848K, used 3671K [0x00000000eab00000, 0x00000000ec380000, 0x0000000100000000)
  eden space 10752K, 0% used [0x00000000eab00000,0x00000000eab00000,0x00000000eb580000)
  from space 4096K, 89% used [0x00000000eb580000,0x00000000eb915df0,0x00000000eb980000)
  to   space 6656K, 0% used [0x00000000ebd00000,0x00000000ebd00000,0x00000000ec380000)
 ParOldGen       total 331264K, used 319831K [0x00000000c0000000, 0x00000000d4380000, 0x00000000eab00000)
  object space 331264K, 96% used [0x00000000c0000000,0x00000000d3855d80,0x00000000d4380000)
 Metaspace       used 70039K, committed 71232K, reserved 1114112K
  class space    used 7401K, committed 7936K, reserved 1048576K
}
Event: 20.831 GC heap before
{Heap before GC invocations=232 (full 11):
 PSYoungGen      total 14848K, used 14423K [0x00000000eab00000, 0x00000000ec380000, 0x0000000100000000)
  eden space 10752K, 100% used [0x00000000eab00000,0x00000000eb580000,0x00000000eb580000)
  from space 4096K, 89% used [0x00000000eb580000,0x00000000eb915df0,0x00000000eb980000)
  to   space 6656K, 0% used [0x00000000ebd00000,0x00000000ebd00000,0x00000000ec380000)
 ParOldGen       total 331264K, used 319831K [0x00000000c0000000, 0x00000000d4380000, 0x00000000eab00000)
  object space 331264K, 96% used [0x00000000c0000000,0x00000000d3855d80,0x00000000d4380000)
 Metaspace       used 70109K, committed 71296K, reserved 1114112K
  class space    used 7403K, committed 7936K, reserved 1048576K
}
Event: 20.836 GC heap after
{Heap after GC invocations=232 (full 11):
 PSYoungGen      total 17920K, used 6174K [0x00000000eab00000, 0x00000000ec480000, 0x0000000100000000)
  eden space 11264K, 0% used [0x00000000eab00000,0x00000000eab00000,0x00000000eb600000)
  from space 6656K, 92% used [0x00000000ebd00000,0x00000000ec307b78,0x00000000ec380000)
  to   space 7168K, 0% used [0x00000000eb600000,0x00000000eb600000,0x00000000ebd00000)
 ParOldGen       total 331264K, used 319839K [0x00000000c0000000, 0x00000000d4380000, 0x00000000eab00000)
  object space 331264K, 96% used [0x00000000c0000000,0x00000000d3857d80,0x00000000d4380000)
 Metaspace       used 70109K, committed 71296K, reserved 1114112K
  class space    used 7403K, committed 7936K, reserved 1048576K
}
Event: 20.933 GC heap before
{Heap before GC invocations=233 (full 11):
 PSYoungGen      total 17920K, used 17438K [0x00000000eab00000, 0x00000000ec480000, 0x0000000100000000)
  eden space 11264K, 100% used [0x00000000eab00000,0x00000000eb600000,0x00000000eb600000)
  from space 6656K, 92% used [0x00000000ebd00000,0x00000000ec307b78,0x00000000ec380000)
  to   space 7168K, 0% used [0x00000000eb600000,0x00000000eb600000,0x00000000ebd00000)
 ParOldGen       total 331264K, used 319839K [0x00000000c0000000, 0x00000000d4380000, 0x00000000eab00000)
  object space 331264K, 96% used [0x00000000c0000000,0x00000000d3857d80,0x00000000d4380000)
 Metaspace       used 70211K, committed 71424K, reserved 1114112K
  class space    used 7415K, committed 7936K, reserved 1048576K
}
Event: 20.943 GC heap after
{Heap after GC invocations=233 (full 11):
 PSYoungGen      total 18432K, used 7138K [0x00000000eab00000, 0x00000000eca00000, 0x0000000100000000)
  eden space 11264K, 0% used [0x00000000eab00000,0x00000000eab00000,0x00000000eb600000)
  from space 7168K, 99% used [0x00000000eb600000,0x00000000ebcf8950,0x00000000ebd00000)
  to   space 9728K, 0% used [0x00000000ec080000,0x00000000ec080000,0x00000000eca00000)
 ParOldGen       total 331264K, used 321541K [0x00000000c0000000, 0x00000000d4380000, 0x00000000eab00000)
  object space 331264K, 97% used [0x00000000c0000000,0x00000000d3a01708,0x00000000d4380000)
 Metaspace       used 70211K, committed 71424K, reserved 1114112K
  class space    used 7415K, committed 7936K, reserved 1048576K
}
Event: 21.079 GC heap before
{Heap before GC invocations=234 (full 11):
 PSYoungGen      total 18432K, used 18402K [0x00000000eab00000, 0x00000000eca00000, 0x0000000100000000)
  eden space 11264K, 100% used [0x00000000eab00000,0x00000000eb600000,0x00000000eb600000)
  from space 7168K, 99% used [0x00000000eb600000,0x00000000ebcf8950,0x00000000ebd00000)
  to   space 9728K, 0% used [0x00000000ec080000,0x00000000ec080000,0x00000000eca00000)
 ParOldGen       total 331264K, used 321541K [0x00000000c0000000, 0x00000000d4380000, 0x00000000eab00000)
  object space 331264K, 97% used [0x00000000c0000000,0x00000000d3a01708,0x00000000d4380000)
 Metaspace       used 70445K, committed 71616K, reserved 1114112K
  class space    used 7431K, committed 7936K, reserved 1048576K
}
Event: 21.085 GC heap after
{Heap after GC invocations=234 (full 11):
 PSYoungGen      total 18944K, used 6179K [0x00000000eab00000, 0x00000000ec700000, 0x0000000100000000)
  eden space 12288K, 0% used [0x00000000eab00000,0x00000000eab00000,0x00000000eb700000)
  from space 6656K, 92% used [0x00000000ec080000,0x00000000ec688df8,0x00000000ec700000)
  to   space 7168K, 0% used [0x00000000eb900000,0x00000000eb900000,0x00000000ec000000)
 ParOldGen       total 331264K, used 326369K [0x00000000c0000000, 0x00000000d4380000, 0x00000000eab00000)
  object space 331264K, 98% used [0x00000000c0000000,0x00000000d3eb8750,0x00000000d4380000)
 Metaspace       used 70445K, committed 71616K, reserved 1114112K
  class space    used 7431K, committed 7936K, reserved 1048576K
}
Event: 21.229 GC heap before
{Heap before GC invocations=235 (full 12):
 PSYoungGen      total 18944K, used 18467K [0x00000000eab00000, 0x00000000ec700000, 0x0000000100000000)
  eden space 12288K, 100% used [0x00000000eab00000,0x00000000eb700000,0x00000000eb700000)
  from space 6656K, 92% used [0x00000000ec080000,0x00000000ec688df8,0x00000000ec700000)
  to   space 7168K, 0% used [0x00000000eb900000,0x00000000eb900000,0x00000000ec000000)
 ParOldGen       total 331264K, used 326369K [0x00000000c0000000, 0x00000000d4380000, 0x00000000eab00000)
  object space 331264K, 98% used [0x00000000c0000000,0x00000000d3eb8750,0x00000000d4380000)
 Metaspace       used 71016K, committed 72256K, reserved 1114112K
  class space    used 7515K, committed 8064K, reserved 1048576K
}
Event: 21.390 GC heap after
{Heap after GC invocations=235 (full 12):
 PSYoungGen      total 13824K, used 0K [0x00000000eab00000, 0x00000000ec600000, 0x0000000100000000)
  eden space 13312K, 0% used [0x00000000eab00000,0x00000000eab00000,0x00000000eb800000)
  from space 512K, 0% used [0x00000000eb900000,0x00000000eb900000,0x00000000eb980000)
  to   space 7168K, 0% used [0x00000000ebf00000,0x00000000ebf00000,0x00000000ec600000)
 ParOldGen       total 384000K, used 327598K [0x00000000c0000000, 0x00000000d7700000, 0x00000000eab00000)
  object space 384000K, 85% used [0x00000000c0000000,0x00000000d3febac0,0x00000000d7700000)
 Metaspace       used 71016K, committed 72256K, reserved 1114112K
  class space    used 7515K, committed 8064K, reserved 1048576K
}

